<?xml version="1.0" encoding="utf-8"?>
<?AutomationStudio Version="4.5.2.102"?>
<Objects>
  <Object
    Path="C:\Users\admin\Desktop\3lab_Morozov27.11.2019\Logical\Package.pkg"
    LogicalPath=""
    Type="Package.ParentUnknown"
    LastWriteTime="132531082889055054" />
  <Object
    Path="C:\Users\admin\Desktop\3lab_Morozov27.11.2019\Logical\Global.typ"
    LogicalPath="Global.typ"
    Type="File"
    LastWriteTime="131200402240000000"
    Private="false" />
  <Object
    Path="C:\Users\admin\Desktop\3lab_Morozov27.11.2019\Logical\Global.var"
    LogicalPath="Global.var"
    Type="File"
    LastWriteTime="132531067289145731"
    Private="false" />
  <Object
    Path="C:\Users\admin\Desktop\3lab_Morozov27.11.2019\Logical\Libraries\Package.pkg"
    LogicalPath="Libraries"
    Type="Package"
    LastWriteTime="132193386579566712" />
  <Object
    Path="C:\Users\admin\Desktop\3lab_Morozov27.11.2019\Logical\Libraries\Runtime\Binary.lby"
    LogicalPath="Libraries.Runtime"
    Type="Library"
    LastWriteTime="131091583340000000" />
  <Object
    Path="C:\Users\admin\Desktop\3lab_Morozov27.11.2019\Logical\Libraries\Runtime\runtime.fun"
    LogicalPath="Libraries.Runtime.runtime.fun"
    Type="File"
    LastWriteTime="131091583340000000"
    Private="false" />
  <Object
    Path="C:\Users\admin\Desktop\3lab_Morozov27.11.2019\Logical\Libraries\Runtime\runtime.typ"
    LogicalPath="Libraries.Runtime.runtime.typ"
    Type="File"
    LastWriteTime="131091583340000000"
    Private="false" />
  <Object
    Path="C:\Users\admin\Desktop\3lab_Morozov27.11.2019\Logical\Libraries\Runtime\runtime.var"
    LogicalPath="Libraries.Runtime.runtime.var"
    Type="File"
    LastWriteTime="131091583340000000"
    Private="false" />
  <Object
    Path="C:\Users\admin\Desktop\3lab_Morozov27.11.2019\Logical\Libraries\Operator\Binary.lby"
    LogicalPath="Libraries.Operator"
    Type="Library"
    LastWriteTime="131091583340000000" />
  <Object
    Path="C:\Users\admin\Desktop\3lab_Morozov27.11.2019\Logical\Libraries\Operator\operator.fun"
    LogicalPath="Libraries.Operator.operator.fun"
    Type="File"
    LastWriteTime="131091583340000000"
    Private="false" />
  <Object
    Path="C:\Users\admin\Desktop\3lab_Morozov27.11.2019\Logical\Libraries\Operator\operator.typ"
    LogicalPath="Libraries.Operator.operator.typ"
    Type="File"
    LastWriteTime="131091583340000000"
    Private="false" />
  <Object
    Path="C:\Users\admin\Desktop\3lab_Morozov27.11.2019\Logical\Libraries\Operator\operator.var"
    LogicalPath="Libraries.Operator.operator.var"
    Type="File"
    LastWriteTime="131091583340000000"
    Private="false" />
  <Object
    Path="C:\Users\admin\Desktop\3lab_Morozov27.11.2019\Logical\Libraries\AsIecCon\Binary.lby"
    LogicalPath="Libraries.AsIecCon"
    Type="Library"
    LastWriteTime="131091583340000000" />
  <Object
    Path="C:\Users\admin\Desktop\3lab_Morozov27.11.2019\Logical\Libraries\AsIecCon\AsIecCon.fun"
    LogicalPath="Libraries.AsIecCon.AsIecCon.fun"
    Type="File"
    LastWriteTime="131091583340000000"
    Private="false" />
  <Object
    Path="C:\Users\admin\Desktop\3lab_Morozov27.11.2019\Logical\Libraries\AsIecCon\AsIecCon.typ"
    LogicalPath="Libraries.AsIecCon.AsIecCon.typ"
    Type="File"
    LastWriteTime="131091583340000000"
    Private="false" />
  <Object
    Path="C:\Users\admin\Desktop\3lab_Morozov27.11.2019\Logical\Libraries\AsIecCon\AsIecCon.var"
    LogicalPath="Libraries.AsIecCon.AsIecCon.var"
    Type="File"
    LastWriteTime="131091583340000000"
    Private="false" />
  <Object
    Path="C:\Users\admin\Desktop\3lab_Morozov27.11.2019\Logical\Libraries\astime\Binary.lby"
    LogicalPath="Libraries.astime"
    Type="Library"
    LastWriteTime="131091583340000000" />
  <Object
    Path="C:\Users\admin\Desktop\3lab_Morozov27.11.2019\Logical\Libraries\astime\astime.fun"
    LogicalPath="Libraries.astime.astime.fun"
    Type="File"
    LastWriteTime="131091583340000000"
    Private="false" />
  <Object
    Path="C:\Users\admin\Desktop\3lab_Morozov27.11.2019\Logical\Libraries\astime\astime.typ"
    LogicalPath="Libraries.astime.astime.typ"
    Type="File"
    LastWriteTime="131091583340000000"
    Private="false" />
  <Object
    Path="C:\Users\admin\Desktop\3lab_Morozov27.11.2019\Logical\Libraries\astime\astime.var"
    LogicalPath="Libraries.astime.astime.var"
    Type="File"
    LastWriteTime="131091583340000000"
    Private="false" />
  <Object
    Path="C:\Users\admin\Desktop\3lab_Morozov27.11.2019\Logical\Libraries\sys_lib\Binary.lby"
    LogicalPath="Libraries.sys_lib"
    Type="Library"
    LastWriteTime="131194348100000000" />
  <Object
    Path="C:\Users\admin\Desktop\3lab_Morozov27.11.2019\Logical\Libraries\sys_lib\sys_lib.fun"
    LogicalPath="Libraries.sys_lib.sys_lib.fun"
    Type="File"
    LastWriteTime="131194348100000000"
    Private="false" />
  <Object
    Path="C:\Users\admin\Desktop\3lab_Morozov27.11.2019\Logical\Libraries\sys_lib\sys_lib.typ"
    LogicalPath="Libraries.sys_lib.sys_lib.typ"
    Type="File"
    LastWriteTime="131194348100000000"
    Private="false" />
  <Object
    Path="C:\Users\admin\Desktop\3lab_Morozov27.11.2019\Logical\Libraries\sys_lib\sys_lib.var"
    LogicalPath="Libraries.sys_lib.sys_lib.var"
    Type="File"
    LastWriteTime="131194348100000000"
    Private="false" />
  <Object
    Path="C:\Users\admin\Desktop\3lab_Morozov27.11.2019\Logical\Libraries\asstring\Binary.lby"
    LogicalPath="Libraries.asstring"
    Type="Library"
    LastWriteTime="131194348160000000" />
  <Object
    Path="C:\Users\admin\Desktop\3lab_Morozov27.11.2019\Logical\Libraries\asstring\asstring.fun"
    LogicalPath="Libraries.asstring.asstring.fun"
    Type="File"
    LastWriteTime="131194348160000000"
    Private="false" />
  <Object
    Path="C:\Users\admin\Desktop\3lab_Morozov27.11.2019\Logical\Libraries\asstring\asstring.typ"
    LogicalPath="Libraries.asstring.asstring.typ"
    Type="File"
    LastWriteTime="131194348160000000"
    Private="false" />
  <Object
    Path="C:\Users\admin\Desktop\3lab_Morozov27.11.2019\Logical\Libraries\asstring\asstring.var"
    LogicalPath="Libraries.asstring.asstring.var"
    Type="File"
    LastWriteTime="131194348160000000"
    Private="false" />
  <Object
    Path="C:\Users\admin\Desktop\3lab_Morozov27.11.2019\Logical\Libraries\Acp10man\Binary.lby"
    LogicalPath="Libraries.Acp10man"
    Type="Library"
    LastWriteTime="132180380781834726" />
  <Object
    Path="C:\Users\admin\Desktop\3lab_Morozov27.11.2019\Logical\Libraries\Acp10man\Acp10man.typ"
    LogicalPath="Libraries.Acp10man.Acp10man.typ"
    Type="File"
    LastWriteTime="132180380781834726"
    Private="false" />
  <Object
    Path="C:\Users\admin\Desktop\3lab_Morozov27.11.2019\Logical\Libraries\Acp10par\Binary.lby"
    LogicalPath="Libraries.Acp10par"
    Type="Library"
    LastWriteTime="132180380782616070" />
  <Object
    Path="C:\Users\admin\Desktop\3lab_Morozov27.11.2019\Logical\Libraries\Acp10par\Acp10par.var"
    LogicalPath="Libraries.Acp10par.Acp10par.var"
    Type="File"
    LastWriteTime="132180380782616070"
    Private="false" />
  <Object
    Path="C:\Users\admin\Desktop\3lab_Morozov27.11.2019\Logical\Libraries\NcGlobal\Binary.lby"
    LogicalPath="Libraries.NcGlobal"
    Type="Library"
    LastWriteTime="132180380782928515" />
  <Object
    Path="C:\Users\admin\Desktop\3lab_Morozov27.11.2019\Logical\Libraries\NcGlobal\NcGlobal.fun"
    LogicalPath="Libraries.NcGlobal.NcGlobal.fun"
    Type="File"
    LastWriteTime="132180380782772283"
    Private="false" />
  <Object
    Path="C:\Users\admin\Desktop\3lab_Morozov27.11.2019\Logical\Libraries\NcGlobal\NcGlobal.typ"
    LogicalPath="Libraries.NcGlobal.NcGlobal.typ"
    Type="File"
    LastWriteTime="132180380782928515"
    Private="false" />
  <Object
    Path="C:\Users\admin\Desktop\3lab_Morozov27.11.2019\Logical\Libraries\NcGlobal\NcGlobal.var"
    LogicalPath="Libraries.NcGlobal.NcGlobal.var"
    Type="File"
    LastWriteTime="132180380782928515"
    Private="false" />
  <Object
    Path="C:\Users\admin\Desktop\3lab_Morozov27.11.2019\Logical\Libraries\Acp10sdc\binary.lby"
    LogicalPath="Libraries.Acp10sdc"
    Type="Library"
    LastWriteTime="132180380875719314" />
  <Object
    Path="C:\Users\admin\Desktop\3lab_Morozov27.11.2019\Logical\Libraries\Acp10sdc\acp10sdc.var"
    LogicalPath="Libraries.Acp10sdc.acp10sdc.var"
    Type="File"
    LastWriteTime="132180380875719314"
    Private="false" />
  <Object
    Path="C:\Users\admin\Desktop\3lab_Morozov27.11.2019\Logical\Libraries\Acp10sdc\acp10sdc.typ"
    LogicalPath="Libraries.Acp10sdc.acp10sdc.typ"
    Type="File"
    LastWriteTime="132180380875719314"
    Private="false" />
  <Object
    Path="C:\Users\admin\Desktop\3lab_Morozov27.11.2019\Logical\Libraries\Acp10_MC\binary.lby"
    LogicalPath="Libraries.Acp10_MC"
    Type="Library"
    LastWriteTime="132180380884466975" />
  <Object
    Path="C:\Users\admin\Desktop\3lab_Morozov27.11.2019\Logical\Libraries\Acp10_MC\acp10_mc.fun"
    LogicalPath="Libraries.Acp10_MC.acp10_mc.fun"
    Type="File"
    LastWriteTime="132180380884311064"
    Private="false" />
  <Object
    Path="C:\Users\admin\Desktop\3lab_Morozov27.11.2019\Logical\Libraries\Acp10_MC\acp10_mc.typ"
    LogicalPath="Libraries.Acp10_MC.acp10_mc.typ"
    Type="File"
    LastWriteTime="132180380884311064"
    Private="false" />
  <Object
    Path="C:\Users\admin\Desktop\3lab_Morozov27.11.2019\Logical\Libraries\Acp10_MC\acp10_mc.var"
    LogicalPath="Libraries.Acp10_MC.acp10_mc.var"
    Type="File"
    LastWriteTime="132180380884311064"
    Private="false" />
  <Object
    Path="C:\Users\admin\Desktop\3lab_Morozov27.11.2019\Logical\Libraries\brsystem\binary.lby"
    LogicalPath="Libraries.brsystem"
    Type="Library"
    LastWriteTime="132180380884935757" />
  <Object
    Path="C:\Users\admin\Desktop\3lab_Morozov27.11.2019\Logical\Libraries\brsystem\brsystem.fun"
    LogicalPath="Libraries.brsystem.brsystem.fun"
    Type="File"
    LastWriteTime="132180380884779654"
    Private="false" />
  <Object
    Path="C:\Users\admin\Desktop\3lab_Morozov27.11.2019\Logical\Libraries\brsystem\brsystem.typ"
    LogicalPath="Libraries.brsystem.brsystem.typ"
    Type="File"
    LastWriteTime="132180380884935757"
    Private="false" />
  <Object
    Path="C:\Users\admin\Desktop\3lab_Morozov27.11.2019\Logical\Libraries\brsystem\brsystem.var"
    LogicalPath="Libraries.brsystem.brsystem.var"
    Type="File"
    LastWriteTime="132180380884935757"
    Private="false" />
  <Object
    Path="C:\Users\admin\Desktop\3lab_Morozov27.11.2019\Logical\Libraries\AsBrStr\binary.lby"
    LogicalPath="Libraries.AsBrStr"
    Type="Library"
    LastWriteTime="132180380896182984" />
  <Object
    Path="C:\Users\admin\Desktop\3lab_Morozov27.11.2019\Logical\Libraries\AsBrStr\AsBrStr.fun"
    LogicalPath="Libraries.AsBrStr.AsBrStr.fun"
    Type="File"
    LastWriteTime="132180380896182984"
    Private="false" />
  <Object
    Path="C:\Users\admin\Desktop\3lab_Morozov27.11.2019\Logical\Libraries\AsBrStr\AsBrStr.typ"
    LogicalPath="Libraries.AsBrStr.AsBrStr.typ"
    Type="File"
    LastWriteTime="132180380896182984"
    Private="false" />
  <Object
    Path="C:\Users\admin\Desktop\3lab_Morozov27.11.2019\Logical\Libraries\AsBrStr\AsBrStr.var"
    LogicalPath="Libraries.AsBrStr.AsBrStr.var"
    Type="File"
    LastWriteTime="132180380896182984"
    Private="false" />
  <Object
    Path="C:\Users\admin\Desktop\3lab_Morozov27.11.2019\Logical\Libraries\MotrContr\ANSIC.lby"
    LogicalPath="Libraries.MotrContr"
    Type="Library"
    LastWriteTime="132180422552645155" />
  <Object
    Path="C:\Users\admin\Desktop\3lab_Morozov27.11.2019\Logical\Libraries\MotrContr\Types.typ"
    LogicalPath="Libraries.MotrContr.Types.typ"
    Type="File"
    LastWriteTime="132120832946320122"
    Private="false" />
  <Object
    Path="C:\Users\admin\Desktop\3lab_Morozov27.11.2019\Logical\Libraries\MotrContr\Constants.var"
    LogicalPath="Libraries.MotrContr.Constants.var"
    Type="File"
    LastWriteTime="132120832946477187"
    Private="false" />
  <Object
    Path="C:\Users\admin\Desktop\3lab_Morozov27.11.2019\Logical\Libraries\MotrContr\MotrContr.fun"
    LogicalPath="Libraries.MotrContr.MotrContr.fun"
    Type="File"
    LastWriteTime="132193380457906586"
    Private="false" />
  <Object
    Path="C:\Users\admin\Desktop\3lab_Morozov27.11.2019\Logical\Libraries\MotrContr\FB_Motor.c"
    LogicalPath="Libraries.MotrContr.FB_Motor.c"
    Type="File"
    LastWriteTime="132150088777816322"
    Private="false" />
  <Object
    Path="C:\Users\admin\Desktop\3lab_Morozov27.11.2019\Logical\Libraries\MotrContr\FB_Regulator.c"
    LogicalPath="Libraries.MotrContr.FB_Regulator.c"
    Type="File"
    LastWriteTime="132151043673238040"
    Private="false" />
  <Object
    Path="C:\Users\admin\Desktop\3lab_Morozov27.11.2019\Logical\Libraries\MotrContr\FB_Integrator.c"
    LogicalPath="Libraries.MotrContr.FB_Integrator.c"
    Type="File"
    LastWriteTime="132150050211384298"
    Private="false" />
  <Object
    Path="C:\Users\admin\Desktop\3lab_Morozov27.11.2019\Logical\Libraries\MotrContr\FB_Axis.c"
    LogicalPath="Libraries.MotrContr.FB_Axis.c"
    Type="File"
    LastWriteTime="132193379852935853"
    Private="false" />
  <Object
    Path="C:\Users\admin\Desktop\3lab_Morozov27.11.2019\Logical\Libraries\Acp10sim\binary.lby"
    LogicalPath="Libraries.Acp10sim"
    Type="Library"
    LastWriteTime="132185531836537693" />
  <Object
    Path="C:\Users\admin\Desktop\3lab_Morozov27.11.2019\Logical\Libraries\Acp10sim\acp10sim.var"
    LogicalPath="Libraries.Acp10sim.acp10sim.var"
    Type="File"
    LastWriteTime="132185531836381374"
    Private="false" />
  <Object
    Path="C:\Users\admin\Desktop\3lab_Morozov27.11.2019\Logical\Libraries\Acp10sim\acp10sim.typ"
    LogicalPath="Libraries.Acp10sim.acp10sim.typ"
    Type="File"
    LastWriteTime="132185531836381374"
    Private="false" />
  <Object
    Path="C:\Users\admin\Desktop\3lab_Morozov27.11.2019\Logical\Libraries\AsIOTime\binary.lby"
    LogicalPath="Libraries.AsIOTime"
    Type="Library"
    LastWriteTime="132193386579417229" />
  <Object
    Path="C:\Users\admin\Desktop\3lab_Morozov27.11.2019\Logical\Libraries\AsIOTime\AsIOTime.fun"
    LogicalPath="Libraries.AsIOTime.AsIOTime.fun"
    Type="File"
    LastWriteTime="132193386579337317"
    Private="false" />
  <Object
    Path="C:\Users\admin\Desktop\3lab_Morozov27.11.2019\Logical\Libraries\AsIOTime\AsIOTime.typ"
    LogicalPath="Libraries.AsIOTime.AsIOTime.typ"
    Type="File"
    LastWriteTime="132193386579357358"
    Private="false" />
  <Object
    Path="C:\Users\admin\Desktop\3lab_Morozov27.11.2019\Logical\Libraries\AsIOTime\AsIOTime.var"
    LogicalPath="Libraries.AsIOTime.AsIOTime.var"
    Type="File"
    LastWriteTime="132193386579417229"
    Private="false" />
  <Object
    Path="C:\Users\admin\Desktop\3lab_Morozov27.11.2019\Logical\acp10etxen\Ett.dob"
    LogicalPath="acp10etxen"
    Type="DataObject"
    LastWriteTime="132180380868220769" />
  <Object
    Path="C:\Users\admin\Desktop\3lab_Morozov27.11.2019\Logical\acp10etxen\acp10etxen.ett"
    LogicalPath="acp10etxen.acp10etxen.ett"
    Type="File"
    LastWriteTime="132180380869001857"
    Private="false" />
  <Object
    Path="C:\Users\admin\Desktop\3lab_Morozov27.11.2019\Logical\SDCAxisCtrlX\ANSIC.prg"
    LogicalPath="SDCAxisCtrlX"
    Type="Program"
    LastWriteTime="132180423300433147" />
  <Object
    Path="C:\Users\admin\Desktop\3lab_Morozov27.11.2019\Logical\SDCAxisCtrlX\Cyclic.c"
    LogicalPath="SDCAxisCtrlX.Cyclic.c"
    Type="File"
    LastWriteTime="132195078515314711"
    Private="false" />
  <Object
    Path="C:\Users\admin\Desktop\3lab_Morozov27.11.2019\Logical\SDCAxisCtrlX\Init.c"
    LogicalPath="SDCAxisCtrlX.Init.c"
    Type="File"
    LastWriteTime="132195078484853123"
    Private="false" />
  <Object
    Path="C:\Users\admin\Desktop\3lab_Morozov27.11.2019\Logical\SDCAxisCtrlX\Exit.c"
    LogicalPath="SDCAxisCtrlX.Exit.c"
    Type="File"
    LastWriteTime="132180423300277255"
    Private="false" />
  <Object
    Path="C:\Users\admin\Desktop\3lab_Morozov27.11.2019\Logical\SDCAxisCtrlX\Types.typ"
    LogicalPath="SDCAxisCtrlX.Types.typ"
    Type="File"
    LastWriteTime="132180423300277255"
    Private="true" />
  <Object
    Path="C:\Users\admin\Desktop\3lab_Morozov27.11.2019\Logical\SDCAxisCtrlX\Variables.var"
    LogicalPath="SDCAxisCtrlX.Variables.var"
    Type="File"
    LastWriteTime="132465256186039548"
    Private="true" />
  <Object
    Path="C:\Users\admin\Desktop\3lab_Morozov27.11.2019\Logical\ncsdcctrl\IEC.prg"
    LogicalPath="ncsdcctrl"
    Type="Program"
    LastWriteTime="132531067247588750" />
  <Object
    Path="C:\Users\admin\Desktop\3lab_Morozov27.11.2019\Logical\ncsdcctrl\ncsdcctrlCyclic.st"
    LogicalPath="ncsdcctrl.ncsdcctrlCyclic.st"
    Type="File"
    LastWriteTime="132531067257409216"
    Private="false" />
  <Object
    Path="C:\Users\admin\Desktop\3lab_Morozov27.11.2019\Logical\ncsdcctrl\ncsdcctrlInit.st"
    LogicalPath="ncsdcctrl.ncsdcctrlInit.st"
    Type="File"
    LastWriteTime="132531067257339116"
    Private="false" />
  <Object
    Path="C:\Users\admin\Desktop\3lab_Morozov27.11.2019\Logical\ncsdcctrl\ncsdcctrl.typ"
    LogicalPath="ncsdcctrl.ncsdcctrl.typ"
    Type="File"
    LastWriteTime="132531067257219433"
    Private="true" />
  <Object
    Path="C:\Users\admin\Desktop\3lab_Morozov27.11.2019\Logical\ncsdcctrl\ncsdcctrl.var"
    LogicalPath="ncsdcctrl.ncsdcctrl.var"
    Type="File"
    LastWriteTime="132531067267272564"
    Private="true" />
  <Object
    Path="C:\Users\admin\Desktop\3lab_Morozov27.11.2019\Logical\gAxis01obj\Package.pkg"
    LogicalPath="gAxis01obj"
    Type="Package"
    LastWriteTime="132531067266384923" />
  <Object
    Path="C:\Users\admin\Desktop\3lab_Morozov27.11.2019\Logical\gAxis01obj\gAxis01a\Apt.dob"
    LogicalPath="gAxis01obj.gAxis01a"
    Type="DataObject"
    LastWriteTime="132531067261687497" />
  <Object
    Path="C:\Users\admin\Desktop\3lab_Morozov27.11.2019\Logical\gAxis01obj\gAxis01a\gAxis01a.apt"
    LogicalPath="gAxis01obj.gAxis01a.gAxis01a.apt"
    Type="File"
    LastWriteTime="132531076581604056"
    Private="false" />
  <Object
    Path="C:\Users\admin\Desktop\3lab_Morozov27.11.2019\Logical\gAxis01obj\gAxis01i\Ax.dob"
    LogicalPath="gAxis01obj.gAxis01i"
    Type="DataObject"
    LastWriteTime="132531067264340402" />
  <Object
    Path="C:\Users\admin\Desktop\3lab_Morozov27.11.2019\Logical\gAxis01obj\gAxis01i\gAxis01i.ax"
    LogicalPath="gAxis01obj.gAxis01i.gAxis01i.ax"
    Type="File"
    LastWriteTime="132531076542083428"
    Private="false" />
  <Object
    Path="C:\Users\admin\Desktop\3lab_Morozov27.11.2019\Physical\SampleText\Config.pkg"
    LogicalPath="SampleText"
    Type="Configuration.ParentUnknown"
    LastWriteTime="131194339020000000" />
  <Object
    Path="C:\Users\admin\Desktop\3lab_Morozov27.11.2019\Physical\SampleText\Hardware.hw"
    LogicalPath="SampleText.Hardware.hw"
    Type="File"
    LastWriteTime="132531082994087354"
    Private="false" />
  <Object
    Path="C:\Users\admin\Desktop\3lab_Morozov27.11.2019\Physical\SampleText\Hardware.hwl"
    LogicalPath="SampleText.Hardware.hwl"
    Type="File"
    LastWriteTime="132531067288517394"
    Private="false" />
  <Object
    Path="C:\Users\admin\Desktop\3lab_Morozov27.11.2019\Physical\SampleText\4PP065_0571_P74\Cpu.pkg"
    LogicalPath="SampleText.4PP065_0571_P74"
    Type="Cpu"
    LastWriteTime="132185539951711353" />
  <Object
    Path="C:\Users\admin\Desktop\3lab_Morozov27.11.2019\Physical\SampleText\4PP065_0571_P74\Cpu.sw"
    LogicalPath="SampleText.4PP065_0571_P74.Cpu.sw"
    Type="File"
    LastWriteTime="132531082890850274"
    Private="false" />
  <Object
    Path="C:\Users\admin\Desktop\3lab_Morozov27.11.2019\Physical\SampleText\4PP065_0571_P74\Cpu.per"
    LogicalPath="SampleText.4PP065_0571_P74.Cpu.per"
    Type="File"
    LastWriteTime="131194339000000000"
    Private="false" />
  <Object
    Path="C:\Users\admin\Desktop\3lab_Morozov27.11.2019\Physical\SampleText\4PP065_0571_P74\IoMap.iom"
    LogicalPath="SampleText.4PP065_0571_P74.IoMap.iom"
    Type="File"
    LastWriteTime="132531067257498848"
    Private="false" />
  <Object
    Path="C:\Users\admin\Desktop\3lab_Morozov27.11.2019\Physical\SampleText\4PP065_0571_P74\PvMap.vvm"
    LogicalPath="SampleText.4PP065_0571_P74.PvMap.vvm"
    Type="File"
    LastWriteTime="131194339000000000"
    Private="false" />
  <Object
    Path="C:\Users\admin\Desktop\3lab_Morozov27.11.2019\Physical\SampleText\4PP065_0571_P74\mapp\Package.pkg"
    LogicalPath="SampleText.4PP065_0571_P74.mapp"
    Type="Package"
    LastWriteTime="131194339000000000" />
  <Object
    Path="C:\Users\admin\Desktop\3lab_Morozov27.11.2019\Physical\SampleText\4PP065_0571_P74\Connectivity\Package.pkg"
    LogicalPath="SampleText.4PP065_0571_P74.Connectivity"
    Type="Package"
    LastWriteTime="131194339000000000" />
  <Object
    Path="C:\Users\admin\Desktop\3lab_Morozov27.11.2019\Physical\SampleText\4PP065_0571_P74\Connectivity\OpcUA\Package.pkg"
    LogicalPath="SampleText.4PP065_0571_P74.Connectivity.OpcUA"
    Type="Package"
    LastWriteTime="131194339000000000" />
  <Object
    Path="C:\Users\admin\Desktop\3lab_Morozov27.11.2019\Physical\SampleText\4PP065_0571_P74\TextSystem\Package.pkg"
    LogicalPath="SampleText.4PP065_0571_P74.TextSystem"
    Type="Package"
    LastWriteTime="131194339000000000" />
  <Object
    Path="C:\Users\admin\Desktop\3lab_Morozov27.11.2019\Physical\SampleText\4PP065_0571_P74\AccessAndSecurity\Package.pkg"
    LogicalPath="SampleText.4PP065_0571_P74.AccessAndSecurity"
    Type="Package"
    LastWriteTime="131194339000000000" />
  <Object
    Path="C:\Users\admin\Desktop\3lab_Morozov27.11.2019\Physical\SampleText\4PP065_0571_P74\AccessAndSecurity\UserRoleSystem\Package.pkg"
    LogicalPath="SampleText.4PP065_0571_P74.AccessAndSecurity.UserRoleSystem"
    Type="Package"
    LastWriteTime="131194339000000000" />
  <Object
    Path="C:\Users\admin\Desktop\3lab_Morozov27.11.2019\Physical\SampleText\4PP065_0571_P74\AccessAndSecurity\UserRoleSystem\Role.role"
    LogicalPath="SampleText.4PP065_0571_P74.AccessAndSecurity.UserRoleSystem.Role.role"
    Type="File"
    LastWriteTime="131194339000000000"
    Private="false" />
  <Object
    Path="C:\Users\admin\Desktop\3lab_Morozov27.11.2019\Physical\SampleText\4PP065_0571_P74\AccessAndSecurity\UserRoleSystem\User.user"
    LogicalPath="SampleText.4PP065_0571_P74.AccessAndSecurity.UserRoleSystem.User.user"
    Type="File"
    LastWriteTime="131194339000000000"
    Private="false" />
  <Object
    Path="C:\Users\admin\Desktop\3lab_Morozov27.11.2019\Physical\SampleText\4PP065_0571_P74\AccessAndSecurity\CertificateStore\Package.pkg"
    LogicalPath="SampleText.4PP065_0571_P74.AccessAndSecurity.CertificateStore"
    Type="Package"
    LastWriteTime="131194339000000000" />
  <Object
    Path="C:\Users\admin\Desktop\3lab_Morozov27.11.2019\Physical\SampleText\4PP065_0571_P74\AccessAndSecurity\CertificateStore\OwnCertificates\Package.pkg"
    LogicalPath="SampleText.4PP065_0571_P74.AccessAndSecurity.CertificateStore.OwnCertificates"
    Type="Package"
    LastWriteTime="131194339000000000" />
  <Object
    Path="C:\Users\admin\Desktop\3lab_Morozov27.11.2019\Physical\SampleText\4PP065_0571_P74\AccessAndSecurity\CertificateStore\OwnCertificates\Certificates\Package.pkg"
    LogicalPath="SampleText.4PP065_0571_P74.AccessAndSecurity.CertificateStore.OwnCertificates.Certificates"
    Type="Package"
    LastWriteTime="131194339000000000" />
  <Object
    Path="C:\Users\admin\Desktop\3lab_Morozov27.11.2019\Physical\SampleText\4PP065_0571_P74\AccessAndSecurity\CertificateStore\OwnCertificates\PrivateKeys\Package.pkg"
    LogicalPath="SampleText.4PP065_0571_P74.AccessAndSecurity.CertificateStore.OwnCertificates.PrivateKeys"
    Type="Package"
    LastWriteTime="131194339000000000" />
  <Object
    Path="C:\Users\admin\Desktop\3lab_Morozov27.11.2019\Physical\SampleText\4PP065_0571_P74\AccessAndSecurity\CertificateStore\ThirdPartyCertificates\Package.pkg"
    LogicalPath="SampleText.4PP065_0571_P74.AccessAndSecurity.CertificateStore.ThirdPartyCertificates"
    Type="Package"
    LastWriteTime="131194339000000000" />
  <Object
    Path="C:\Users\admin\Desktop\3lab_Morozov27.11.2019\Physical\SampleText\4PP065_0571_P74\AccessAndSecurity\CertificateStore\ThirdPartyCertificates\SoftwareCertificates\Package.pkg"
    LogicalPath="SampleText.4PP065_0571_P74.AccessAndSecurity.CertificateStore.ThirdPartyCertificates.SoftwareCertificates"
    Type="Package"
    LastWriteTime="131194339000000000" />
  <Object
    Path="C:\Users\admin\Desktop\3lab_Morozov27.11.2019\Physical\SampleText\4PP065_0571_P74\AccessAndSecurity\CertificateStore\CertificateRevocationLists\Package.pkg"
    LogicalPath="SampleText.4PP065_0571_P74.AccessAndSecurity.CertificateStore.CertificateRevocationLists"
    Type="Package"
    LastWriteTime="131194339000000000" />
  <Object
    Path="C:\Users\admin\Desktop\3lab_Morozov27.11.2019\Physical\SampleText\4PP065_0571_P74\AccessAndSecurity\CertificateStore\CertificateSigningRequests\Package.pkg"
    LogicalPath="SampleText.4PP065_0571_P74.AccessAndSecurity.CertificateStore.CertificateSigningRequests"
    Type="Package"
    LastWriteTime="131194339000000000" />
  <Object
    Path="C:\Users\admin\Desktop\3lab_Morozov27.11.2019\Physical\SampleText\4PP065_0571_P74\AccessAndSecurity\TransportLayerSecurity\Package.pkg"
    LogicalPath="SampleText.4PP065_0571_P74.AccessAndSecurity.TransportLayerSecurity"
    Type="Package"
    LastWriteTime="131194339000000000" />
  <Object
    Path="C:\Users\admin\Desktop\3lab_Morozov27.11.2019\Physical\SampleText\4PP065_0571_P74\Motion\Package.pkg"
    LogicalPath="SampleText.4PP065_0571_P74.Motion"
    Type="Package"
    LastWriteTime="132180414345683803" />
  <Object
    Path="C:\Users\admin\Desktop\3lab_Morozov27.11.2019\Physical\SampleText\4PP065_0571_P74\Motion\Acp10map.ncm"
    LogicalPath="SampleText.4PP065_0571_P74.Motion.Acp10map.ncm"
    Type="File"
    LastWriteTime="132531067259164235"
    Private="false" />
  <Object
    Path="C:\Users\admin\Desktop\3lab_Morozov27.11.2019\Physical\SampleText\4PP065_0571_P74\Motion\Acp10cfg.ncc"
    LogicalPath="SampleText.4PP065_0571_P74.Motion.Acp10cfg.ncc"
    Type="File"
    LastWriteTime="132180380868064560"
    Private="false" />
  <Object
    Path="C:\Users\admin\Desktop\3lab_Morozov27.11.2019\Physical\SampleText\4PP065_0571_P74\Motion\Acp10sys.br"
    LogicalPath="SampleText.4PP065_0571_P74.Motion.Acp10sys.br"
    Type="File"
    LastWriteTime="132180380787458402"
    Private="false" />
  <Object
    Path="C:\Users\admin\Desktop\3lab_Morozov27.11.2019\Physical\SampleText\4PP065_0571_P74\Motion\Acp10map1.ncm"
    LogicalPath="SampleText.4PP065_0571_P74.Motion.Acp10map1.ncm"
    Type="File"
    LastWriteTime="132531058607585362"
    Private="false" />
  <Object
    Path="C:\Users\admin\Desktop\3lab_Morozov27.11.2019\Physical\SampleText\Hardware.jpg"
    LogicalPath="SampleText.Hardware.jpg"
    Type="File"
    LastWriteTime="132531083009555970"
    Private="false" />
</Objects>